<?xml version="1.0" encoding="UTF-8"?>
<!-- Generated by org.testng.reporters.JUnitReportReporter -->
<testsuite hostname="DESKTOP-15R4I5T" failures="0" tests="2" name="AndroidAppA.AppiumFramework.UserLogin" time="70.905" errors="0" timestamp="20 Oct 2021 12:13:15 GMT" skipped="0">
  <testcase classname="AndroidAppA.AppiumFramework.UserLogin" name="login" time="39.551"/>
  <testcase classname="AndroidAppA.AppiumFramework.UserLogin" name="profileManagement" time="31.354"/>
</testsuite> <!-- AndroidAppA.AppiumFramework.UserLogin -->
