<?xml version="1.0" encoding="UTF-8"?>
<!-- Generated by org.testng.reporters.JUnitReportReporter -->
<testsuite hostname="DESKTOP-15R4I5T" failures="0" tests="8" name="AndroidAppA.AppiumFramework.SmokeTestScenarios" time="150.147" errors="0" timestamp="2022-02-16T10:51:21 PKT" skipped="0">
  <testcase classname="AndroidAppA.AppiumFramework.SmokeTestScenarios" name="login" time="63.544"/>
  <system-out/>
  <testcase classname="AndroidAppA.AppiumFramework.SmokeTestScenarios" name="profileManagement" time="5.579"/>
  <system-out/>
  <testcase classname="AndroidAppA.AppiumFramework.SmokeTestScenarios" name="homeAddressSetting" time="12.083"/>
  <system-out/>
  <testcase classname="AndroidAppA.AppiumFramework.SmokeTestScenarios" name="workAddressSetting" time="9.869"/>
  <system-out/>
  <testcase classname="AndroidAppA.AppiumFramework.SmokeTestScenarios" name="customAddressSetting" time="13.114"/>
  <system-out/>
  <testcase classname="AndroidAppA.AppiumFramework.SmokeTestScenarios" name="searchByCategory" time="38.093"/>
  <system-out/>
  <testcase classname="AndroidAppA.AppiumFramework.SmokeTestScenarios" name="searchByTyping" time="2.634"/>
  <system-out/>
  <testcase classname="AndroidAppA.AppiumFramework.SmokeTestScenarios" name="callVendor" time="5.231"/>
  <system-out/>
</testsuite> <!-- AndroidAppA.AppiumFramework.SmokeTestScenarios -->
