<?xml version="1.0" encoding="UTF-8"?>
<!-- Generated by org.testng.reporters.JUnitReportReporter -->
<testsuite hostname="DESKTOP-15R4I5T" failures="0" tests="7" name="AndroidAppA.AppiumFramework.SmokeTestScenarios" time="152.349" errors="0" timestamp="03 Nov 2021 18:44:06 GMT" skipped="0">
  <testcase classname="AndroidAppA.AppiumFramework.SmokeTestScenarios" name="login" time="64.112"/>
  <testcase classname="AndroidAppA.AppiumFramework.SmokeTestScenarios" name="profileManagement" time="8.055"/>
  <testcase classname="AndroidAppA.AppiumFramework.SmokeTestScenarios" name="homeAddressSetting" time="14.277"/>
  <testcase classname="AndroidAppA.AppiumFramework.SmokeTestScenarios" name="workAddressSetting" time="10.221"/>
  <testcase classname="AndroidAppA.AppiumFramework.SmokeTestScenarios" name="customAddressSetting" time="13.241"/>
  <testcase classname="AndroidAppA.AppiumFramework.SmokeTestScenarios" name="searchByCategory" time="39.170"/>
  <testcase classname="AndroidAppA.AppiumFramework.SmokeTestScenarios" name="searchByTyping" time="3.273"/>
</testsuite> <!-- AndroidAppA.AppiumFramework.SmokeTestScenarios -->
