<?xml version="1.0" encoding="UTF-8"?>
<!-- Generated by org.testng.reporters.JUnitReportReporter -->
<testsuite hostname="HAIER" failures="0" tests="7" name="AndroidAppA.AppiumFramework.JobCreation" time="91.732" errors="0" timestamp="2022-03-11T13:22:25 PKT" skipped="0">
  <testcase classname="AndroidAppA.AppiumFramework.JobCreation" name="login" time="31.604"/>
  <system-out/>
  <testcase classname="AndroidAppA.AppiumFramework.JobCreation" name="luhfuStep1" time="10.272"/>
  <system-out/>
  <testcase classname="AndroidAppA.AppiumFramework.JobCreation" name="luhfuStep2" time="3.456"/>
  <system-out/>
  <testcase classname="AndroidAppA.AppiumFramework.JobCreation" name="luhfuStep3" time="41.955"/>
  <system-out/>
  <testcase classname="AndroidAppA.AppiumFramework.JobCreation" name="luhfuStep4" time="2.080"/>
  <system-out/>
  <testcase classname="AndroidAppA.AppiumFramework.JobCreation" name="luhfuStep5" time="0.657"/>
  <system-out/>
  <testcase classname="AndroidAppA.AppiumFramework.JobCreation" name="confirmationpopup" time="1.708"/>
  <system-out/>
</testsuite> <!-- AndroidAppA.AppiumFramework.JobCreation -->
