<?xml version="1.0" encoding="UTF-8"?>
<!-- Generated by org.testng.reporters.JUnitReportReporter -->
<testsuite hostname="DESKTOP-15R4I5T" failures="0" tests="2" name="AndroidAppA.AppiumFramework.SmokeTestScenarios" time="68.928" errors="0" timestamp="28 Oct 2021 20:56:54 GMT" skipped="0">
  <testcase classname="AndroidAppA.AppiumFramework.SmokeTestScenarios" name="login" time="62.406"/>
  <testcase classname="AndroidAppA.AppiumFramework.SmokeTestScenarios" name="profileManagement" time="6.522"/>
</testsuite> <!-- AndroidAppA.AppiumFramework.SmokeTestScenarios -->
