<?xml version="1.0" encoding="UTF-8"?>
<!-- Generated by org.testng.reporters.JUnitReportReporter -->
<testsuite hostname="HAIER" failures="0" tests="6" name="AndroidAppA.AppiumFramework.WalkThroughScreens" time="23.271" errors="0" timestamp="2022-02-22T15:41:02 PKT" skipped="0">
  <testcase classname="AndroidAppA.AppiumFramework.WalkThroughScreens" name="firstscreen" time="5.648"/>
  <system-out/>
  <testcase classname="AndroidAppA.AppiumFramework.WalkThroughScreens" name="secondscreen" time="4.517"/>
  <system-out/>
  <testcase classname="AndroidAppA.AppiumFramework.WalkThroughScreens" name="thirdscreen" time="4.356"/>
  <system-out/>
  <testcase classname="AndroidAppA.AppiumFramework.WalkThroughScreens" name="fourthscreen" time="4.317"/>
  <system-out/>
  <testcase classname="AndroidAppA.AppiumFramework.WalkThroughScreens" name="fifthscreen" time="4.320"/>
  <system-out/>
  <testcase classname="AndroidAppA.AppiumFramework.WalkThroughScreens" name="Getstarted" time="0.113"/>
  <system-out/>
</testsuite> <!-- AndroidAppA.AppiumFramework.WalkThroughScreens -->
