<?xml version="1.0" encoding="UTF-8"?>
<!-- Generated by org.testng.reporters.JUnitReportReporter -->
<testsuite hostname="HAIER" failures="0" tests="11" name="AndroidAppA.AppiumFramework.ReviewTest" time="111.244" errors="0" timestamp="2022-03-11T13:15:51 PKT" skipped="0">
  <testcase classname="AndroidAppA.AppiumFramework.ReviewTest" name="login" time="35.527"/>
  <system-out/>
  <testcase classname="AndroidAppA.AppiumFramework.ReviewTest" name="search" time="43.589"/>
  <system-out/>
  <testcase classname="AndroidAppA.AppiumFramework.ReviewTest" name="catagory" time="7.656"/>
  <system-out/>
  <testcase classname="AndroidAppA.AppiumFramework.ReviewTest" name="completiondate" time="2.928"/>
  <system-out/>
  <testcase classname="AndroidAppA.AppiumFramework.ReviewTest" name="amount" time="3.506"/>
  <system-out/>
  <testcase classname="AndroidAppA.AppiumFramework.ReviewTest" name="comment" time="4.346"/>
  <system-out/>
  <testcase classname="AndroidAppA.AppiumFramework.ReviewTest" name="scroll" time="5.871"/>
  <system-out/>
  <testcase classname="AndroidAppA.AppiumFramework.ReviewTest" name="stars" time="2.923"/>
  <system-out/>
  <testcase classname="AndroidAppA.AppiumFramework.ReviewTest" name="submit" time="0.119"/>
  <system-out/>
  <testcase classname="AndroidAppA.AppiumFramework.ReviewTest" name="confirmreview" time="1.179"/>
  <system-out/>
  <testcase classname="AndroidAppA.AppiumFramework.ReviewTest" name="verify" time="3.600"/>
  <system-out/>
</testsuite> <!-- AndroidAppA.AppiumFramework.ReviewTest -->
