<?xml version="1.0" encoding="UTF-8"?>
<!-- Generated by org.testng.reporters.JUnitReportReporter -->
<testsuite hostname="HAIER" failures="0" tests="11" name="AndroidAppA.AppiumFramework.ReviewTest" time="108.102" errors="0" timestamp="2022-03-07T22:07:53 PKT" skipped="0">
  <testcase classname="AndroidAppA.AppiumFramework.ReviewTest" name="login" time="35.819"/>
  <system-out/>
  <testcase classname="AndroidAppA.AppiumFramework.ReviewTest" name="search" time="35.771"/>
  <system-out/>
  <testcase classname="AndroidAppA.AppiumFramework.ReviewTest" name="catagory" time="8.057"/>
  <system-out/>
  <testcase classname="AndroidAppA.AppiumFramework.ReviewTest" name="completiondate" time="3.189"/>
  <system-out/>
  <testcase classname="AndroidAppA.AppiumFramework.ReviewTest" name="amount" time="3.785"/>
  <system-out/>
  <testcase classname="AndroidAppA.AppiumFramework.ReviewTest" name="comment" time="3.689"/>
  <system-out/>
  <testcase classname="AndroidAppA.AppiumFramework.ReviewTest" name="scroll" time="8.620"/>
  <system-out/>
  <testcase classname="AndroidAppA.AppiumFramework.ReviewTest" name="stars" time="4.167"/>
  <system-out/>
  <testcase classname="AndroidAppA.AppiumFramework.ReviewTest" name="submit" time="0.195"/>
  <system-out/>
  <testcase classname="AndroidAppA.AppiumFramework.ReviewTest" name="confirmreview" time="1.143"/>
  <system-out/>
  <testcase classname="AndroidAppA.AppiumFramework.ReviewTest" name="verify" time="3.667"/>
  <system-out/>
</testsuite> <!-- AndroidAppA.AppiumFramework.ReviewTest -->
