<?xml version="1.0" encoding="UTF-8"?>
<!-- Generated by org.testng.reporters.JUnitReportReporter -->
<testsuite hostname="DESKTOP-15R4I5T" failures="0" tests="8" name="AndroidAppA.AppiumFramework.SmokeTestScenarios" time="158.375" errors="0" timestamp="2022-02-04T15:59:55 PKT" skipped="0">
  <testcase classname="AndroidAppA.AppiumFramework.SmokeTestScenarios" name="login" time="63.093"/>
  <system-out/>
  <testcase classname="AndroidAppA.AppiumFramework.SmokeTestScenarios" name="profileManagement" time="6.086"/>
  <system-out/>
  <testcase classname="AndroidAppA.AppiumFramework.SmokeTestScenarios" name="homeAddressSetting" time="13.894"/>
  <system-out/>
  <testcase classname="AndroidAppA.AppiumFramework.SmokeTestScenarios" name="workAddressSetting" time="10.836"/>
  <system-out/>
  <testcase classname="AndroidAppA.AppiumFramework.SmokeTestScenarios" name="customAddressSetting" time="15.860"/>
  <system-out/>
  <testcase classname="AndroidAppA.AppiumFramework.SmokeTestScenarios" name="searchByCategory" time="38.185"/>
  <system-out/>
  <testcase classname="AndroidAppA.AppiumFramework.SmokeTestScenarios" name="searchByTyping" time="3.239"/>
  <system-out/>
  <testcase classname="AndroidAppA.AppiumFramework.SmokeTestScenarios" name="callVendor" time="7.182"/>
  <system-out/>
</testsuite> <!-- AndroidAppA.AppiumFramework.SmokeTestScenarios -->
