<?xml version="1.0" encoding="UTF-8"?>
<!-- Generated by org.testng.reporters.JUnitReportReporter -->
<testsuite hostname="DESKTOP-15R4I5T" failures="0" tests="7" name="AndroidAppA.AppiumFramework.SmokeTestScenarios" time="159.921" errors="0" timestamp="2021-11-15T18:58:31 PKT" skipped="0">
  <testcase classname="AndroidAppA.AppiumFramework.SmokeTestScenarios" name="login" time="63.090"/>
  <system-out/>
  <testcase classname="AndroidAppA.AppiumFramework.SmokeTestScenarios" name="profileManagement" time="7.378"/>
  <system-out/>
  <testcase classname="AndroidAppA.AppiumFramework.SmokeTestScenarios" name="homeAddressSetting" time="14.962"/>
  <system-out/>
  <testcase classname="AndroidAppA.AppiumFramework.SmokeTestScenarios" name="workAddressSetting" time="10.550"/>
  <system-out/>
  <testcase classname="AndroidAppA.AppiumFramework.SmokeTestScenarios" name="customAddressSetting" time="13.352"/>
  <system-out/>
  <testcase classname="AndroidAppA.AppiumFramework.SmokeTestScenarios" name="searchByCategory" time="47.325"/>
  <system-out/>
  <testcase classname="AndroidAppA.AppiumFramework.SmokeTestScenarios" name="searchByTyping" time="3.264"/>
  <system-out/>
</testsuite> <!-- AndroidAppA.AppiumFramework.SmokeTestScenarios -->
